<?xml version="1.0" encoding="UTF-8"?>
<!-- Generated by org.testng.reporters.JUnitReportReporter -->
<testsuite skipped="0" hostname="AYK-Think" name="testNGPackA.SelectDropDownTest" tests="1" failures="0" timestamp="2020-07-20T16:36:06 CDT" time="17.102" errors="0">
  <testcase name="HandlingDropDown" time="17.102" classname="testNGPackA.SelectDropDownTest"/>
  <system-out/>
</testsuite> <!-- testNGPackA.SelectDropDownTest -->
