<?xml version="1.0" encoding="UTF-8"?>
<!-- Generated by org.testng.reporters.JUnitReportReporter -->
<testsuite skipped="0" hostname="AYK-Think" name="testNGPackA.NewBankAndCashTest" tests="1" failures="0" timestamp="2020-07-20T16:36:49 CDT" time="11.394" errors="0">
  <testcase name="addNewBankAcTest" time="11.394" classname="testNGPackA.NewBankAndCashTest"/>
  <system-out/>
</testsuite> <!-- testNGPackA.NewBankAndCashTest -->
