<?xml version="1.0" encoding="UTF-8"?>
<!-- Generated by org.testng.reporters.JUnitReportReporter -->
<testsuite skipped="0" hostname="AYK-Think" name="testNGPackA.NewProductAndServicesTest" tests="1" failures="0" timestamp="2020-07-24T00:38:17 CDT" time="20.504" errors="0">
  <testcase name="userShouldBeAbleToAddDeposite" time="20.504" classname="testNGPackA.NewProductAndServicesTest"/>
  <system-out/>
</testsuite> <!-- testNGPackA.NewProductAndServicesTest -->
